\BOOKMARK [0][-]{chapter*.4}{Dedicatorias}{}% 1
\BOOKMARK [0][-]{chapter*.5}{Agradecimientos}{}% 2
\BOOKMARK [0][-]{chapter*.6}{Resumen}{}% 3
\BOOKMARK [0][-]{chapter.1}{Introducci\363n}{}% 4
\BOOKMARK [1][-]{section.1.1}{Descripci\363n del Problema}{chapter.1}% 5
\BOOKMARK [1][-]{section.1.2}{Formulaci\363n del Problema}{chapter.1}% 6
\BOOKMARK [1][-]{section.1.3}{Objetivos}{chapter.1}% 7
\BOOKMARK [2][-]{subsection.1.3.1}{Objetivo General}{section.1.3}% 8
\BOOKMARK [2][-]{subsection.1.3.2}{Objetivos Espec\355ficos}{section.1.3}% 9
\BOOKMARK [2][-]{subsection.1.3.3}{Evidencia de Objetivos Espec\355ficos}{section.1.3}% 10
\BOOKMARK [1][-]{section.1.4}{Estructura del Documento}{chapter.1}% 11
\BOOKMARK [0][-]{chapter.2}{Marco de Referencia}{}% 12
\BOOKMARK [1][-]{section.2.1}{Marco Te\363rico}{chapter.2}% 13
\BOOKMARK [2][-]{subsection.2.1.1}{Gesti\363n Tur\355stica}{section.2.1}% 14
\BOOKMARK [2][-]{subsection.2.1.2}{Gesti\363n Tur\355stica y las TIC}{section.2.1}% 15
\BOOKMARK [2][-]{subsection.2.1.3}{Dispositivos M\363viles}{section.2.1}% 16
\BOOKMARK [3][-]{subsubsection.2.1.3.1}{Aplicaciones M\363viles}{subsection.2.1.3}% 17
\BOOKMARK [3][-]{subsubsection.2.1.3.2}{Metodolog\355as de desarrollo de aplicaciones m\363viles}{subsection.2.1.3}% 18
\BOOKMARK [2][-]{subsection.2.1.4}{Sistemas recomendaci\363n}{section.2.1}% 19
\BOOKMARK [3][-]{subsubsection.2.1.4.1}{T\351cnicas de recomendaci\363n}{subsection.2.1.4}% 20
\BOOKMARK [3][-]{subsubsection.2.1.4.2}{Sistemas de recomendaci\363n para Turismo}{subsection.2.1.4}% 21
\BOOKMARK [3][-]{subsubsection.2.1.4.3}{Sistemas de recomendaci\363n para Turismo en aplicaciones m\363viles}{subsection.2.1.4}% 22
\BOOKMARK [2][-]{subsection.2.1.5}{Ginebra \205 Valle del Cauca}{section.2.1}% 23
\BOOKMARK [3][-]{subsubsection.2.1.5.1}{Aspectos Generales}{subsection.2.1.5}% 24
\BOOKMARK [3][-]{subsubsection.2.1.5.2}{Gesti\363n del Turismo en Ginebra}{subsection.2.1.5}% 25
\BOOKMARK [1][-]{section.2.2}{Antecedentes}{chapter.2}% 26
\BOOKMARK [2][-]{subsection.2.2.1}{DataEco22}{section.2.2}% 27
\BOOKMARK [2][-]{subsection.2.2.2}{Google Maps23}{section.2.2}% 28
\BOOKMARK [2][-]{subsection.2.2.3}{Foursquare24, 25}{section.2.2}% 29
\BOOKMARK [0][-]{chapter.3}{Desarrollo del Proyecto}{}% 30
\BOOKMARK [1][-]{section.3.1}{Arquitectura del Sistema Implementado}{chapter.3}% 31
\BOOKMARK [1][-]{section.3.2}{Dise\361o}{chapter.3}% 32
\BOOKMARK [2][-]{subsection.3.2.1}{Historias de Usuarios}{section.3.2}% 33
\BOOKMARK [2][-]{subsection.3.2.2}{Diagrama Entidad - Relaci\363n}{section.3.2}% 34
\BOOKMARK [2][-]{subsection.3.2.3}{Diagrama de Clases}{section.3.2}% 35
\BOOKMARK [2][-]{subsection.3.2.4}{Diagrama de Ventanas}{section.3.2}% 36
\BOOKMARK [2][-]{subsection.3.2.5}{Diagramas de Casos de Uso}{section.3.2}% 37
\BOOKMARK [2][-]{subsection.3.2.6}{Plantillas Especificaci\363n Casos de Uso}{section.3.2}% 38
\BOOKMARK [2][-]{subsection.3.2.7}{Diagramas de Secuencia y Colaboraci\363n}{section.3.2}% 39
\BOOKMARK [1][-]{section.3.3}{Descripci\363n General del Sistema}{chapter.3}% 40
\BOOKMARK [2][-]{subsection.3.3.1}{Interfaz Gr\341fica de Usuario}{section.3.3}% 41
\BOOKMARK [2][-]{subsection.3.3.2}{Administrador}{section.3.3}% 42
\BOOKMARK [3][-]{subsubsection.3.3.2.1}{Autenticaci\363n}{subsection.3.3.2}% 43
\BOOKMARK [3][-]{subsubsection.3.3.2.2}{Registrar Lugar}{subsection.3.3.2}% 44
\BOOKMARK [3][-]{subsubsection.3.3.2.3}{Registrar Categor\355a}{subsection.3.3.2}% 45
\BOOKMARK [3][-]{subsubsection.3.3.2.4}{Registrar Tag}{subsection.3.3.2}% 46
\BOOKMARK [3][-]{subsubsection.3.3.2.5}{Ver Solicitudes}{subsection.3.3.2}% 47
\BOOKMARK [2][-]{subsection.3.3.3}{Usuario}{section.3.3}% 48
\BOOKMARK [3][-]{subsubsection.3.3.3.1}{Pantalla Principal}{subsection.3.3.3}% 49
\BOOKMARK [3][-]{subsubsection.3.3.3.2}{Buscar Lugares}{subsection.3.3.3}% 50
\BOOKMARK [3][-]{subsubsection.3.3.3.3}{Lugares favoritos}{subsection.3.3.3}% 51
\BOOKMARK [3][-]{subsubsection.3.3.3.4}{Detalles de un lugar}{subsection.3.3.3}% 52
\BOOKMARK [3][-]{subsubsection.3.3.3.5}{Mi perfil}{subsection.3.3.3}% 53
\BOOKMARK [3][-]{subsubsection.3.3.3.6}{Solicitudes}{subsection.3.3.3}% 54
\BOOKMARK [2][-]{subsection.3.3.4}{Comerciante}{section.3.3}% 55
\BOOKMARK [1][-]{section.3.4}{Detalles de la Implementaci\363n}{chapter.3}% 56
\BOOKMARK [2][-]{subsection.3.4.1}{Caracterizaci\363n de los Sitios de Ginebra}{section.3.4}% 57
\BOOKMARK [2][-]{subsection.3.4.2}{Elecci\363n del Sistema de Recomendaci\363n}{section.3.4}% 58
\BOOKMARK [3][-]{subsubsection.3.4.2.1}{Filtro Colaborativo Usuario-Usuario 23}{subsection.3.4.2}% 59
\BOOKMARK [3][-]{subsubsection.3.4.2.2}{Filtro Colaborativo Item-Item 23}{subsection.3.4.2}% 60
\BOOKMARK [3][-]{subsubsection.3.4.2.3}{Modelo de Espacio Vectorial basado en palabras clave 13}{subsection.3.4.2}% 61
\BOOKMARK [3][-]{subsubsection.3.4.2.4}{Slope One 27}{subsection.3.4.2}% 62
\BOOKMARK [3][-]{subsubsection.3.4.2.5}{Resultados}{subsection.3.4.2}% 63
\BOOKMARK [2][-]{subsection.3.4.3}{Implementaci\363n de la Aplicaci\363n M\363vil}{section.3.4}% 64
\BOOKMARK [2][-]{subsection.3.4.4}{Dise\361o e Implementaci\363n del Sistema de Recomendaci\363n}{section.3.4}% 65
\BOOKMARK [2][-]{subsection.3.4.5}{Evaluaci\363n del Sistema de Recomendaci\363n}{section.3.4}% 66
\BOOKMARK [2][-]{subsection.3.4.6}{Tecnolog\355as usadas}{section.3.4}% 67
\BOOKMARK [1][-]{section.3.5}{Pruebas}{chapter.3}% 68
\BOOKMARK [2][-]{subsection.3.5.1}{Pruebas de la tienda de aplicaci\363n}{section.3.5}% 69
\BOOKMARK [2][-]{subsection.3.5.2}{Pruebas Funcionales}{section.3.5}% 70
\BOOKMARK [2][-]{subsection.3.5.3}{Pruebas Unitarias}{section.3.5}% 71
\BOOKMARK [2][-]{subsection.3.5.4}{Prueba de Usabilidad}{section.3.5}% 72
\BOOKMARK [0][-]{chapter.4}{Conclusiones y Trabajos Futuros}{}% 73
\BOOKMARK [1][-]{section.4.1}{Conclusiones}{chapter.4}% 74
\BOOKMARK [1][-]{section.4.2}{Trabajo Futuro}{chapter.4}% 75
\BOOKMARK [0][-]{appendix.Alph1}{Anexos}{}% 76
\BOOKMARK [0][-]{Item.13}{Bibliograf\355a}{}% 77
